<?xml version="1.0" encoding="UTF-8"?>
<robot generator="Robot 3.1.2 (Python 3.8.1 on win32)" generated="20200125 23:20:57.088" rpa="false">
<suite id="s1" name="ส่งออกรายงานการสอบ" source="D:\Team 2\Robot framework\ส่งออกรายงานการสอบ\ส่งออกรายงานการสอบ.robot">
<test id="s1-t1" name="ทดสอบเข้าสู่ระบบ">
<kw name="Given เปิดเบราว์เซอร์" library="Keywords">
<kw name="Open Browser" library="Selenium2Library">
<doc>Opens a new browser instance to the optional ``url``.</doc>
<arguments>
<arg>${url}</arg>
<arg>chrome</arg>
</arguments>
<msg timestamp="20200125 23:20:57.267" level="INFO">Opening browser 'chrome' to base url 'https://10.80.39.17/TSP60/Thepd-nu/index.php/gear'.</msg>
<status status="PASS" starttime="20200125 23:20:57.267" endtime="20200125 23:21:02.429"></status>
</kw>
<kw name="Maximize Browser Window" library="Selenium2Library">
<doc>Maximizes current browser window.</doc>
<status status="PASS" starttime="20200125 23:21:02.430" endtime="20200125 23:21:06.547"></status>
</kw>
<kw name="Click Element" library="Selenium2Library">
<doc>Click the element identified by ``locator``.</doc>
<arguments>
<arg>${btn_advanced}</arg>
</arguments>
<msg timestamp="20200125 23:21:06.548" level="INFO">Clicking element 'xpath=//*[@id="details-button"]'.</msg>
<status status="PASS" starttime="20200125 23:21:06.547" endtime="20200125 23:21:06.589"></status>
</kw>
<kw name="Click Element" library="Selenium2Library">
<doc>Click the element identified by ``locator``.</doc>
<arguments>
<arg>${btn_proceed_linkl}</arg>
</arguments>
<msg timestamp="20200125 23:21:06.589" level="INFO">Clicking element 'xpath=//*[@id="proceed-link"]'.</msg>
<status status="PASS" starttime="20200125 23:21:06.589" endtime="20200125 23:21:06.928"></status>
</kw>
<kw name="Sleep" library="BuiltIn">
<doc>Pauses the test executed for the given time.</doc>
<arguments>
<arg>1s</arg>
</arguments>
<msg timestamp="20200125 23:21:07.928" level="INFO">Slept 1 second</msg>
<status status="PASS" starttime="20200125 23:21:06.928" endtime="20200125 23:21:07.928"></status>
</kw>
<status status="PASS" starttime="20200125 23:20:57.266" endtime="20200125 23:21:07.928"></status>
</kw>
<kw name="AND เข้าสู่ระบบกรอกด้วย &quot;60160345&quot; และ &quot;60160345&quot;" library="Keywords">
<kw name="Input Text" library="Selenium2Library">
<doc>Types the given ``text`` into the text field identified by ``locator``.</doc>
<arguments>
<arg>${input_username}</arg>
<arg>${username}</arg>
</arguments>
<msg timestamp="20200125 23:21:07.929" level="INFO">Typing text '60160345' into text field 'xpath=//*[@id="validate-form"]/div[1]/div/div/input'.</msg>
<status status="PASS" starttime="20200125 23:21:07.929" endtime="20200125 23:21:08.007"></status>
</kw>
<kw name="Sleep" library="BuiltIn">
<doc>Pauses the test executed for the given time.</doc>
<arguments>
<arg>1s</arg>
</arguments>
<msg timestamp="20200125 23:21:09.010" level="INFO">Slept 1 second</msg>
<status status="PASS" starttime="20200125 23:21:08.008" endtime="20200125 23:21:09.010"></status>
</kw>
<kw name="Input Text" library="Selenium2Library">
<doc>Types the given ``text`` into the text field identified by ``locator``.</doc>
<arguments>
<arg>${input_password}</arg>
<arg>${password}</arg>
</arguments>
<msg timestamp="20200125 23:21:09.010" level="INFO">Typing text '60160345' into text field 'xpath=//*[@id="exampleInputPassword1"]'.</msg>
<status status="PASS" starttime="20200125 23:21:09.010" endtime="20200125 23:21:09.083"></status>
</kw>
<kw name="Sleep" library="BuiltIn">
<doc>Pauses the test executed for the given time.</doc>
<arguments>
<arg>1s</arg>
</arguments>
<msg timestamp="20200125 23:21:10.084" level="INFO">Slept 1 second</msg>
<status status="PASS" starttime="20200125 23:21:09.083" endtime="20200125 23:21:10.084"></status>
</kw>
<status status="PASS" starttime="20200125 23:21:07.929" endtime="20200125 23:21:10.085"></status>
</kw>
<kw name="AND กดปุ่มเข้าสู่ระบบ" library="Keywords">
<kw name="Click Element" library="Selenium2Library">
<doc>Click the element identified by ``locator``.</doc>
<arguments>
<arg>${btn_login}</arg>
</arguments>
<msg timestamp="20200125 23:21:10.089" level="INFO">Clicking element 'xpath=//*[@id="validate-form"]/input'.</msg>
<status status="PASS" starttime="20200125 23:21:10.088" endtime="20200125 23:21:11.575"></status>
</kw>
<kw name="Sleep" library="BuiltIn">
<doc>Pauses the test executed for the given time.</doc>
<arguments>
<arg>1s</arg>
</arguments>
<msg timestamp="20200125 23:21:12.577" level="INFO">Slept 1 second</msg>
<status status="PASS" starttime="20200125 23:21:11.575" endtime="20200125 23:21:12.577"></status>
</kw>
<status status="PASS" starttime="20200125 23:21:10.087" endtime="20200125 23:21:12.577"></status>
</kw>
<kw name="AND เข้าสู่ระบบหน้าจอเมนูระบบทำข้อสอบออนไลน์" library="Keywords">
<kw name="Click Element" library="Selenium2Library">
<doc>Click the element identified by ``locator``.</doc>
<arguments>
<arg>${btn_hamburger}</arg>
</arguments>
<msg timestamp="20200125 23:21:12.580" level="INFO">Clicking element 'xpath=//*[@id="openmenu"]/span'.</msg>
<status status="PASS" starttime="20200125 23:21:12.579" endtime="20200125 23:21:12.677"></status>
</kw>
<kw name="Sleep" library="BuiltIn">
<doc>Pauses the test executed for the given time.</doc>
<arguments>
<arg>1s</arg>
</arguments>
<msg timestamp="20200125 23:21:13.679" level="INFO">Slept 1 second</msg>
<status status="PASS" starttime="20200125 23:21:12.677" endtime="20200125 23:21:13.679"></status>
</kw>
<kw name="Click Element" library="Selenium2Library">
<doc>Click the element identified by ``locator``.</doc>
<arguments>
<arg>${menu_list_admin}</arg>
</arguments>
<msg timestamp="20200125 23:21:13.680" level="INFO">Clicking element 'xpath=//*[@id="jetsContent"]/li[4]'.</msg>
<status status="PASS" starttime="20200125 23:21:13.680" endtime="20200125 23:21:14.186"></status>
</kw>
<kw name="Sleep" library="BuiltIn">
<doc>Pauses the test executed for the given time.</doc>
<arguments>
<arg>1s</arg>
</arguments>
<msg timestamp="20200125 23:21:15.187" level="INFO">Slept 1 second</msg>
<status status="PASS" starttime="20200125 23:21:14.186" endtime="20200125 23:21:15.187"></status>
</kw>
<status status="PASS" starttime="20200125 23:21:12.579" endtime="20200125 23:21:15.188"></status>
</kw>
<kw name="AND เลือกผู้ใช้งานเป็นอาจารย์" library="Keywords">
<kw name="Click Element" library="Selenium2Library">
<doc>Click the element identified by ``locator``.</doc>
<arguments>
<arg>${btn_menu_teacher}</arg>
</arguments>
<msg timestamp="20200125 23:21:15.192" level="INFO">Clicking element 'xpath=//*[@id="teacher"]'.</msg>
<status status="PASS" starttime="20200125 23:21:15.191" endtime="20200125 23:21:15.262"></status>
</kw>
<kw name="Sleep" library="BuiltIn">
<doc>Pauses the test executed for the given time.</doc>
<arguments>
<arg>1s</arg>
</arguments>
<msg timestamp="20200125 23:21:16.263" level="INFO">Slept 1 second</msg>
<status status="PASS" starttime="20200125 23:21:15.262" endtime="20200125 23:21:16.263"></status>
</kw>
<status status="PASS" starttime="20200125 23:21:15.190" endtime="20200125 23:21:16.264"></status>
</kw>
<kw name="AND เลือกเมนูส่งออกผลการสอบ" library="Keywords">
<kw name="Click Element" library="Selenium2Library">
<doc>Click the element identified by ``locator``.</doc>
<arguments>
<arg>${btn_menu_report}</arg>
</arguments>
<msg timestamp="20200125 23:21:16.268" level="INFO">Clicking element 'xpath=//*[@id="exam-report"]'.</msg>
<status status="PASS" starttime="20200125 23:21:16.267" endtime="20200125 23:21:16.618"></status>
</kw>
<kw name="Sleep" library="BuiltIn">
<doc>Pauses the test executed for the given time.</doc>
<arguments>
<arg>1s</arg>
</arguments>
<msg timestamp="20200125 23:21:17.619" level="INFO">Slept 1 second</msg>
<status status="PASS" starttime="20200125 23:21:16.618" endtime="20200125 23:21:17.619"></status>
</kw>
<status status="PASS" starttime="20200125 23:21:16.266" endtime="20200125 23:21:17.619"></status>
</kw>
<kw name="THEN ปิดเบราว์เซอร์" library="Keywords">
<kw name="Close Browser" library="Selenium2Library">
<doc>Closes the current browser.</doc>
<status status="PASS" starttime="20200125 23:21:17.620" endtime="20200125 23:21:19.721"></status>
</kw>
<status status="PASS" starttime="20200125 23:21:17.620" endtime="20200125 23:21:19.721"></status>
</kw>
<tags>
<tag>TEST</tag>
</tags>
<status status="PASS" starttime="20200125 23:20:57.265" endtime="20200125 23:21:19.722" critical="yes"></status>
</test>
<status status="PASS" starttime="20200125 23:20:57.090" endtime="20200125 23:21:19.725"></status>
</suite>
<statistics>
<total>
<stat pass="1" fail="0">Critical Tests</stat>
<stat pass="1" fail="0">All Tests</stat>
</total>
<tag>
<stat pass="1" fail="0">TEST</stat>
</tag>
<suite>
<stat pass="1" fail="0" id="s1" name="ส่งออกรายงานการสอบ">ส่งออกรายงานการสอบ</stat>
</suite>
</statistics>
<errors>
</errors>
</robot>
