<?xml version="1.0" encoding="UTF-8"?>
<robot generator="Robot 3.1.2 (Python 3.8.1 on win32)" generated="20200125 23:26:22.618" rpa="false">
<suite id="s1" name="ส่งออกรายงานการสอบ" source="D:\Team 2\Robot framework\ส่งออกรายงานการสอบ\ส่งออกรายงานการสอบ.robot">
<test id="s1-t1" name="ทดสอบเข้าสู่ระบบ">
<kw name="Given เปิดเบราว์เซอร์" library="Keywords">
<kw name="Open Browser" library="Selenium2Library">
<doc>Opens a new browser instance to the optional ``url``.</doc>
<arguments>
<arg>${url}</arg>
<arg>chrome</arg>
</arguments>
<msg timestamp="20200125 23:26:22.795" level="INFO">Opening browser 'chrome' to base url 'https://10.80.39.17/TSP60/Thepd-nu/index.php/gear'.</msg>
<status status="PASS" starttime="20200125 23:26:22.795" endtime="20200125 23:26:27.975"></status>
</kw>
<kw name="Maximize Browser Window" library="Selenium2Library">
<doc>Maximizes current browser window.</doc>
<status status="PASS" starttime="20200125 23:26:27.975" endtime="20200125 23:26:32.100"></status>
</kw>
<kw name="Click Element" library="Selenium2Library">
<doc>Click the element identified by ``locator``.</doc>
<arguments>
<arg>${btn_advanced}</arg>
</arguments>
<msg timestamp="20200125 23:26:32.101" level="INFO">Clicking element 'xpath=//*[@id="details-button"]'.</msg>
<status status="PASS" starttime="20200125 23:26:32.100" endtime="20200125 23:26:32.149"></status>
</kw>
<kw name="Click Element" library="Selenium2Library">
<doc>Click the element identified by ``locator``.</doc>
<arguments>
<arg>${btn_proceed_linkl}</arg>
</arguments>
<msg timestamp="20200125 23:26:32.149" level="INFO">Clicking element 'xpath=//*[@id="proceed-link"]'.</msg>
<status status="PASS" starttime="20200125 23:26:32.149" endtime="20200125 23:26:32.508"></status>
</kw>
<kw name="Sleep" library="BuiltIn">
<doc>Pauses the test executed for the given time.</doc>
<arguments>
<arg>1s</arg>
</arguments>
<msg timestamp="20200125 23:26:33.509" level="INFO">Slept 1 second</msg>
<status status="PASS" starttime="20200125 23:26:32.508" endtime="20200125 23:26:33.509"></status>
</kw>
<status status="PASS" starttime="20200125 23:26:22.794" endtime="20200125 23:26:33.509"></status>
</kw>
<kw name="AND เข้าสู่ระบบกรอกด้วย &quot;60160345&quot; และ &quot;60160345&quot;" library="Keywords">
<kw name="Input Text" library="Selenium2Library">
<doc>Types the given ``text`` into the text field identified by ``locator``.</doc>
<arguments>
<arg>${input_username}</arg>
<arg>${username}</arg>
</arguments>
<msg timestamp="20200125 23:26:33.511" level="INFO">Typing text '60160345' into text field 'xpath=//*[@id="validate-form"]/div[1]/div/div/input'.</msg>
<status status="PASS" starttime="20200125 23:26:33.511" endtime="20200125 23:26:33.597"></status>
</kw>
<kw name="Sleep" library="BuiltIn">
<doc>Pauses the test executed for the given time.</doc>
<arguments>
<arg>1s</arg>
</arguments>
<msg timestamp="20200125 23:26:34.598" level="INFO">Slept 1 second</msg>
<status status="PASS" starttime="20200125 23:26:33.597" endtime="20200125 23:26:34.598"></status>
</kw>
<kw name="Input Text" library="Selenium2Library">
<doc>Types the given ``text`` into the text field identified by ``locator``.</doc>
<arguments>
<arg>${input_password}</arg>
<arg>${password}</arg>
</arguments>
<msg timestamp="20200125 23:26:34.598" level="INFO">Typing text '60160345' into text field 'xpath=//*[@id="exampleInputPassword1"]'.</msg>
<status status="PASS" starttime="20200125 23:26:34.598" endtime="20200125 23:26:34.671"></status>
</kw>
<kw name="Sleep" library="BuiltIn">
<doc>Pauses the test executed for the given time.</doc>
<arguments>
<arg>1s</arg>
</arguments>
<msg timestamp="20200125 23:26:35.673" level="INFO">Slept 1 second</msg>
<status status="PASS" starttime="20200125 23:26:34.671" endtime="20200125 23:26:35.673"></status>
</kw>
<status status="PASS" starttime="20200125 23:26:33.510" endtime="20200125 23:26:35.673"></status>
</kw>
<kw name="AND กดปุ่มเข้าสู่ระบบ" library="Keywords">
<kw name="Click Element" library="Selenium2Library">
<doc>Click the element identified by ``locator``.</doc>
<arguments>
<arg>${btn_login}</arg>
</arguments>
<msg timestamp="20200125 23:26:35.674" level="INFO">Clicking element 'xpath=//*[@id="validate-form"]/input'.</msg>
<status status="PASS" starttime="20200125 23:26:35.674" endtime="20200125 23:26:37.120"></status>
</kw>
<kw name="Sleep" library="BuiltIn">
<doc>Pauses the test executed for the given time.</doc>
<arguments>
<arg>1s</arg>
</arguments>
<msg timestamp="20200125 23:26:38.121" level="INFO">Slept 1 second</msg>
<status status="PASS" starttime="20200125 23:26:37.120" endtime="20200125 23:26:38.121"></status>
</kw>
<status status="PASS" starttime="20200125 23:26:35.674" endtime="20200125 23:26:38.121"></status>
</kw>
<kw name="AND เข้าสู่ระบบหน้าจอเมนูระบบทำข้อสอบออนไลน์" library="Keywords">
<kw name="Click Element" library="Selenium2Library">
<doc>Click the element identified by ``locator``.</doc>
<arguments>
<arg>${btn_hamburger}</arg>
</arguments>
<msg timestamp="20200125 23:26:38.124" level="INFO">Clicking element 'xpath=//*[@id="openmenu"]/span'.</msg>
<status status="PASS" starttime="20200125 23:26:38.123" endtime="20200125 23:26:38.201"></status>
</kw>
<kw name="Sleep" library="BuiltIn">
<doc>Pauses the test executed for the given time.</doc>
<arguments>
<arg>1s</arg>
</arguments>
<msg timestamp="20200125 23:26:39.203" level="INFO">Slept 1 second</msg>
<status status="PASS" starttime="20200125 23:26:38.201" endtime="20200125 23:26:39.203"></status>
</kw>
<kw name="Click Element" library="Selenium2Library">
<doc>Click the element identified by ``locator``.</doc>
<arguments>
<arg>${menu_list_admin}</arg>
</arguments>
<msg timestamp="20200125 23:26:39.204" level="INFO">Clicking element 'xpath=//*[@id="jetsContent"]/li[4]'.</msg>
<status status="PASS" starttime="20200125 23:26:39.204" endtime="20200125 23:26:39.699"></status>
</kw>
<kw name="Sleep" library="BuiltIn">
<doc>Pauses the test executed for the given time.</doc>
<arguments>
<arg>1s</arg>
</arguments>
<msg timestamp="20200125 23:26:40.701" level="INFO">Slept 1 second</msg>
<status status="PASS" starttime="20200125 23:26:39.699" endtime="20200125 23:26:40.701"></status>
</kw>
<status status="PASS" starttime="20200125 23:26:38.123" endtime="20200125 23:26:40.702"></status>
</kw>
<kw name="AND เลือกผู้ใช้งานเป็นอาจารย์" library="Keywords">
<kw name="Click Element" library="Selenium2Library">
<doc>Click the element identified by ``locator``.</doc>
<arguments>
<arg>${btn_menu_teacher}</arg>
</arguments>
<msg timestamp="20200125 23:26:40.705" level="INFO">Clicking element 'xpath=//*[@id="teacher"]'.</msg>
<status status="PASS" starttime="20200125 23:26:40.704" endtime="20200125 23:26:40.772"></status>
</kw>
<kw name="Sleep" library="BuiltIn">
<doc>Pauses the test executed for the given time.</doc>
<arguments>
<arg>1s</arg>
</arguments>
<msg timestamp="20200125 23:26:41.774" level="INFO">Slept 1 second</msg>
<status status="PASS" starttime="20200125 23:26:40.772" endtime="20200125 23:26:41.774"></status>
</kw>
<status status="PASS" starttime="20200125 23:26:40.704" endtime="20200125 23:26:41.775"></status>
</kw>
<kw name="AND เลือกเมนูส่งออกผลการสอบ" library="Keywords">
<kw name="Click Element" library="Selenium2Library">
<doc>Click the element identified by ``locator``.</doc>
<arguments>
<arg>${btn_menu_report}</arg>
</arguments>
<msg timestamp="20200125 23:26:41.778" level="INFO">Clicking element 'xpath=//*[@id="exam-report"]'.</msg>
<status status="PASS" starttime="20200125 23:26:41.777" endtime="20200125 23:26:42.143"></status>
</kw>
<kw name="Sleep" library="BuiltIn">
<doc>Pauses the test executed for the given time.</doc>
<arguments>
<arg>1s</arg>
</arguments>
<msg timestamp="20200125 23:26:43.145" level="INFO">Slept 1 second</msg>
<status status="PASS" starttime="20200125 23:26:42.143" endtime="20200125 23:26:43.145"></status>
</kw>
<status status="PASS" starttime="20200125 23:26:41.776" endtime="20200125 23:26:43.145"></status>
</kw>
<kw name="THEN ปิดเบราว์เซอร์" library="Keywords">
<kw name="Close Browser" library="Selenium2Library">
<doc>Closes the current browser.</doc>
<status status="PASS" starttime="20200125 23:26:43.145" endtime="20200125 23:26:45.247"></status>
</kw>
<status status="PASS" starttime="20200125 23:26:43.145" endtime="20200125 23:26:45.248"></status>
</kw>
<tags>
<tag>TEST</tag>
</tags>
<status status="PASS" starttime="20200125 23:26:22.793" endtime="20200125 23:26:45.250" critical="yes"></status>
</test>
<status status="PASS" starttime="20200125 23:26:22.619" endtime="20200125 23:26:45.259"></status>
</suite>
<statistics>
<total>
<stat pass="1" fail="0">Critical Tests</stat>
<stat pass="1" fail="0">All Tests</stat>
</total>
<tag>
<stat pass="1" fail="0">TEST</stat>
</tag>
<suite>
<stat pass="1" fail="0" id="s1" name="ส่งออกรายงานการสอบ">ส่งออกรายงานการสอบ</stat>
</suite>
</statistics>
<errors>
</errors>
</robot>
